<?xml version="1.0" encoding="UTF-8"?>
<!-- Generated by org.testng.reporters.JUnitReportReporter -->
<testsuite hostname="asoni-t440" name="com.uptake.tests.UptakeHomePageNavigator" tests="1" failures="0" timestamp="5 Nov 2015 19:08:05 GMT" time="5.556" errors="0">
  <testcase name="navigateToWhatWeDoPageAndVerify" time="5.556" classname="com.uptake.tests.UptakeHomePageNavigator"/>
</testsuite> <!-- com.uptake.tests.UptakeHomePageNavigator -->
