<?xml version="1.0" encoding="UTF-8"?>
<!-- Generated by org.testng.reporters.JUnitReportReporter -->
<testsuite hostname="asoni-t440" name="com.uptake.tests.UptakeLogbackInNavigator" tests="1" failures="0" timestamp="6 Nov 2015 16:26:35 GMT" time="10.054" errors="0">
  <testcase name="login" time="10.054" classname="com.uptake.tests.UptakeLogbackInNavigator"/>
</testsuite> <!-- com.uptake.tests.UptakeLogbackInNavigator -->
