<?xml version="1.0" encoding="UTF-8"?>
<!-- Generated by org.testng.reporters.JUnitReportReporter -->
<testsuite hostname="asoni-t440" name="com.uptake.tests.UptakeJoinUsPageNavigator" tests="1" failures="0" timestamp="6 Nov 2015 02:15:46 GMT" time="11.113" errors="0">
  <testcase name="navigateToJoinUsPageAndVerify" time="11.113" classname="com.uptake.tests.UptakeJoinUsPageNavigator"/>
</testsuite> <!-- com.uptake.tests.UptakeJoinUsPageNavigator -->
