<?xml version="1.0" encoding="UTF-8"?>
<!-- Generated by org.testng.reporters.JUnitReportReporter -->
<testsuite hostname="asoni-t440" name="com.uptake.tests.UptakeWhatWeDoNavigator" tests="1" failures="0" timestamp="6 Nov 2015 02:04:25 GMT" time="2.034" errors="0">
  <testcase name="navigateToWhatWeDoPageAndVerify" time="2.034" classname="com.uptake.tests.UptakeWhatWeDoNavigator"/>
</testsuite> <!-- com.uptake.tests.UptakeWhatWeDoNavigator -->
