<?xml version="1.0" encoding="UTF-8"?>
<!-- Generated by org.testng.reporters.JUnitReportReporter -->
<testsuite hostname="asoni-t440" name="com.uptake.tests.WhatWeDoNavigator" tests="1" failures="0" timestamp="5 Nov 2015 19:29:32 GMT" time="2.811" errors="0">
  <testcase name="navigateToWhatWeDoPageAndVerify" time="2.811" classname="com.uptake.tests.WhatWeDoNavigator"/>
</testsuite> <!-- com.uptake.tests.WhatWeDoNavigator -->
