<?xml version="1.0" encoding="UTF-8"?>
<!-- Generated by org.testng.reporters.JUnitReportReporter -->
<testsuite hostname="asoni-t440" name="com.uptake.tests.UptakeJoinUsNavigator" tests="1" failures="0" timestamp="5 Nov 2015 20:30:43 GMT" time="4.173" errors="0">
  <testcase name="navigateToJoinUsPageAndVerify" time="4.173" classname="com.uptake.tests.UptakeJoinUsNavigator"/>
</testsuite> <!-- com.uptake.tests.UptakeJoinUsNavigator -->
